Traceback (most recent call last):
  File "D:\anaconda3\Lib\site-packages\jupyter_cache\executors\utils.py", line 58, in single_nb_execution
    executenb(
  File "D:\anaconda3\Lib\site-packages\nbclient\client.py", line 1305, in execute
    return NotebookClient(nb=nb, resources=resources, km=km, **kwargs).execute()
           ^^^^^^^^^^^^^^^^^^^^^^^^^^^^^^^^^^^^^^^^^^^^^^^^^^^^^^^^^^^^^^^^^^^^^
  File "D:\anaconda3\Lib\site-packages\jupyter_core\utils\__init__.py", line 173, in wrapped
    return loop.run_until_complete(inner)
           ^^^^^^^^^^^^^^^^^^^^^^^^^^^^^^
  File "D:\anaconda3\Lib\asyncio\base_events.py", line 653, in run_until_complete
    return future.result()
           ^^^^^^^^^^^^^^^
  File "D:\anaconda3\Lib\site-packages\nbclient\client.py", line 705, in async_execute
    await self.async_execute_cell(
  File "D:\anaconda3\Lib\site-packages\nbclient\client.py", line 1058, in async_execute_cell
    await self._check_raise_for_error(cell, cell_index, exec_reply)
  File "D:\anaconda3\Lib\site-packages\nbclient\client.py", line 914, in _check_raise_for_error
    raise CellExecutionError.from_cell_and_msg(cell, exec_reply_content)
nbclient.exceptions.CellExecutionError: An error occurred while executing the following cell:
------------------
# Plot split violinplot
sns.violinplot(data = dat, x = "smoker", y = "tip_pct", hue = "sex", inner = "quart", split = True)
------------------


[1;31m---------------------------------------------------------------------------[0m
[1;31mValueError[0m                                Traceback (most recent call last)
Cell [1;32mIn[36], line 2[0m
[0;32m      1[0m [38;5;66;03m# Plot split violinplot[39;00m
[1;32m----> 2[0m sns[38;5;241m.[39mviolinplot(data [38;5;241m=[39m dat, x [38;5;241m=[39m [38;5;124m"[39m[38;5;124msmoker[39m[38;5;124m"[39m, y [38;5;241m=[39m [38;5;124m"[39m[38;5;124mtip_pct[39m[38;5;124m"[39m, hue [38;5;241m=[39m [38;5;124m"[39m[38;5;124msex[39m[38;5;124m"[39m, inner [38;5;241m=[39m [38;5;124m"[39m[38;5;124mquart[39m[38;5;124m"[39m, split [38;5;241m=[39m [38;5;28;01mTrue[39;00m)

File [1;32mD:\anaconda3\Lib\site-packages\seaborn\categorical.py:2305[0m, in [0;36mviolinplot[1;34m(data, x, y, hue, order, hue_order, bw, cut, scale, scale_hue, gridsize, width, inner, split, dodge, orient, linewidth, color, palette, saturation, ax, **kwargs)[0m
[0;32m   2297[0m [38;5;28;01mdef[39;00m [38;5;21mviolinplot[39m(
[0;32m   2298[0m     data[38;5;241m=[39m[38;5;28;01mNone[39;00m, [38;5;241m*[39m, x[38;5;241m=[39m[38;5;28;01mNone[39;00m, y[38;5;241m=[39m[38;5;28;01mNone[39;00m, hue[38;5;241m=[39m[38;5;28;01mNone[39;00m, order[38;5;241m=[39m[38;5;28;01mNone[39;00m, hue_order[38;5;241m=[39m[38;5;28;01mNone[39;00m,
[0;32m   2299[0m     bw[38;5;241m=[39m[38;5;124m"[39m[38;5;124mscott[39m[38;5;124m"[39m, cut[38;5;241m=[39m[38;5;241m2[39m, scale[38;5;241m=[39m[38;5;124m"[39m[38;5;124marea[39m[38;5;124m"[39m, scale_hue[38;5;241m=[39m[38;5;28;01mTrue[39;00m, gridsize[38;5;241m=[39m[38;5;241m100[39m,
[1;32m   (...)[0m
[0;32m   2302[0m     ax[38;5;241m=[39m[38;5;28;01mNone[39;00m, [38;5;241m*[39m[38;5;241m*[39mkwargs,
[0;32m   2303[0m ):
[1;32m-> 2305[0m     plotter [38;5;241m=[39m _ViolinPlotter(x, y, hue, data, order, hue_order,
[0;32m   2306[0m                              bw, cut, scale, scale_hue, gridsize,
[0;32m   2307[0m                              width, inner, split, dodge, orient, linewidth,
[0;32m   2308[0m                              color, palette, saturation)
[0;32m   2310[0m     [38;5;28;01mif[39;00m ax [38;5;129;01mis[39;00m [38;5;28;01mNone[39;00m:
[0;32m   2311[0m         ax [38;5;241m=[39m plt[38;5;241m.[39mgca()

File [1;32mD:\anaconda3\Lib\site-packages\seaborn\categorical.py:901[0m, in [0;36m_ViolinPlotter.__init__[1;34m(self, x, y, hue, data, order, hue_order, bw, cut, scale, scale_hue, gridsize, width, inner, split, dodge, orient, linewidth, color, palette, saturation)[0m
[0;32m    896[0m [38;5;28;01mdef[39;00m [38;5;21m__init__[39m([38;5;28mself[39m, x, y, hue, data, order, hue_order,
[0;32m    897[0m              bw, cut, scale, scale_hue, gridsize,
[0;32m    898[0m              width, inner, split, dodge, orient, linewidth,
[0;32m    899[0m              color, palette, saturation):
[1;32m--> 901[0m     [38;5;28mself[39m[38;5;241m.[39mestablish_variables(x, y, hue, data, orient, order, hue_order)
[0;32m    902[0m     [38;5;28mself[39m[38;5;241m.[39mestablish_colors(color, palette, saturation)
[0;32m    903[0m     [38;5;28mself[39m[38;5;241m.[39mestimate_densities(bw, cut, scale, scale_hue, gridsize)

File [1;32mD:\anaconda3\Lib\site-packages\seaborn\categorical.py:541[0m, in [0;36m_CategoricalPlotter.establish_variables[1;34m(self, x, y, hue, data, orient, order, hue_order, units)[0m
[0;32m    539[0m     [38;5;28;01mif[39;00m [38;5;28misinstance[39m(var, [38;5;28mstr[39m):
[0;32m    540[0m         err [38;5;241m=[39m [38;5;124mf[39m[38;5;124m"[39m[38;5;124mCould not interpret input [39m[38;5;124m'[39m[38;5;132;01m{[39;00mvar[38;5;132;01m}[39;00m[38;5;124m'[39m[38;5;124m"[39m
[1;32m--> 541[0m         [38;5;28;01mraise[39;00m [38;5;167;01mValueError[39;00m(err)
[0;32m    543[0m [38;5;66;03m# Figure out the plotting orientation[39;00m
[0;32m    544[0m orient [38;5;241m=[39m infer_orient(
[0;32m    545[0m     x, y, orient, require_numeric[38;5;241m=[39m[38;5;28mself[39m[38;5;241m.[39mrequire_numeric
[0;32m    546[0m )

[1;31mValueError[0m: Could not interpret input 'tip_pct'

