Traceback (most recent call last):
  File "D:\anaconda3\Lib\site-packages\jupyter_cache\executors\utils.py", line 58, in single_nb_execution
    executenb(
  File "D:\anaconda3\Lib\site-packages\nbclient\client.py", line 1305, in execute
    return NotebookClient(nb=nb, resources=resources, km=km, **kwargs).execute()
           ^^^^^^^^^^^^^^^^^^^^^^^^^^^^^^^^^^^^^^^^^^^^^^^^^^^^^^^^^^^^^^^^^^^^^
  File "D:\anaconda3\Lib\site-packages\jupyter_core\utils\__init__.py", line 173, in wrapped
    return loop.run_until_complete(inner)
           ^^^^^^^^^^^^^^^^^^^^^^^^^^^^^^
  File "D:\anaconda3\Lib\asyncio\base_events.py", line 653, in run_until_complete
    return future.result()
           ^^^^^^^^^^^^^^^
  File "D:\anaconda3\Lib\site-packages\nbclient\client.py", line 705, in async_execute
    await self.async_execute_cell(
  File "D:\anaconda3\Lib\site-packages\nbclient\client.py", line 1058, in async_execute_cell
    await self._check_raise_for_error(cell, cell_index, exec_reply)
  File "D:\anaconda3\Lib\site-packages\nbclient\client.py", line 914, in _check_raise_for_error
    raise CellExecutionError.from_cell_and_msg(cell, exec_reply_content)
nbclient.exceptions.CellExecutionError: An error occurred while executing the following cell:
------------------
import seaborn as sns

# Plot a boxplot and violinplot sharing the same y-axis
fig, axs = plt.subplots(ncols = 2, sharey = True)
sns.boxplot(y = 'x', data = X, ax = axs[0])
sns.violinplot(y = 'x', split = True, inner = "quart", cut = 0, data = X, ax = axs[1])
------------------


[1;31m---------------------------------------------------------------------------[0m
[1;31mNameError[0m                                 Traceback (most recent call last)
Cell [1;32mIn[29], line 4[0m
[0;32m      1[0m [38;5;28;01mimport[39;00m [38;5;21;01mseaborn[39;00m [38;5;28;01mas[39;00m [38;5;21;01msns[39;00m
[0;32m      3[0m [38;5;66;03m# Plot a boxplot and violinplot sharing the same y-axis[39;00m
[1;32m----> 4[0m fig, axs [38;5;241m=[39m plt[38;5;241m.[39msubplots(ncols [38;5;241m=[39m [38;5;241m2[39m, sharey [38;5;241m=[39m [38;5;28;01mTrue[39;00m)
[0;32m      5[0m sns[38;5;241m.[39mboxplot(y [38;5;241m=[39m [38;5;124m'[39m[38;5;124mx[39m[38;5;124m'[39m, data [38;5;241m=[39m X, ax [38;5;241m=[39m axs[[38;5;241m0[39m])
[0;32m      6[0m sns[38;5;241m.[39mviolinplot(y [38;5;241m=[39m [38;5;124m'[39m[38;5;124mx[39m[38;5;124m'[39m, split [38;5;241m=[39m [38;5;28;01mTrue[39;00m, inner [38;5;241m=[39m [38;5;124m"[39m[38;5;124mquart[39m[38;5;124m"[39m, cut [38;5;241m=[39m [38;5;241m0[39m, data [38;5;241m=[39m X, ax [38;5;241m=[39m axs[[38;5;241m1[39m])

[1;31mNameError[0m: name 'plt' is not defined

